<?xml version="1.0" encoding="UTF-8"?>
<!-- Generated by org.testng.reporters.JUnitReportReporter -->
<testsuite hostname="DESKTOP-1KB2GI8" failures="0" tests="1" name="TestRunner.DemoNG" time="24.559" errors="0" timestamp="2025-03-15T12:46:48 IST" skipped="0">
  <testcase classname="TestRunner.DemoNG" name="runScenario" time="24.559"/>
</testsuite> <!-- TestRunner.DemoNG -->
